[debug] [2025-10-20T12:01:02.110Z] ----------------------------------------------------------------------
[debug] [2025-10-20T12:01:02.113Z] Command:       C:\Program Files\nodejs\node.exe C:\Users\atriu\AppData\Roaming\npm\node_modules\firebase-tools\lib\bin\firebase.js login:ci
[debug] [2025-10-20T12:01:02.113Z] CLI Version:   14.20.0
[debug] [2025-10-20T12:01:02.114Z] Platform:      win32
[debug] [2025-10-20T12:01:02.114Z] Node Version:  v22.20.0
[debug] [2025-10-20T12:01:02.114Z] Time:          Mon Oct 20 2025 20:01:02 GMT+0800 (Philippine Standard Time)
[debug] [2025-10-20T12:01:02.114Z] ----------------------------------------------------------------------
[debug] 
[warn] !  Authenticating with a `login:ci` token is deprecated and will be removed in a future major version of `firebase-tools`. Instead, use a service account key with `GOOGLE_APPLICATION_CREDENTIALS`: https://cloud.google.com/docs/authentication/getting-started 
[info] 
[info] Visit this URL on this device to log in:
[info] https://accounts.google.com/o/oauth2/auth?client_id=563584335869-fgrhgmd47bqnekij5i8b5pr03ho849e6.apps.googleusercontent.com&scope=email%20openid%20https%3A%2F%2Fwww.googleapis.com%2Fauth%2Fcloudplatformprojects.readonly%20https%3A%2F%2Fwww.googleapis.com%2Fauth%2Ffirebase%20https%3A%2F%2Fwww.googleapis.com%2Fauth%2Fcloud-platform&response_type=code&state=301209819&redirect_uri=http%3A%2F%2Flocalhost%3A9005
[info] 
[info] Waiting for authentication...
[debug] [2025-10-20T12:01:02.153Z] Error: spawn cmd ENOENT
    at ChildProcess._handle.onexit (node:internal/child_process:285:19)
    at onErrorNT (node:internal/child_process:483:16)
    at process.processTicksAndRejections (node:internal/process/task_queues:90:21)
[error] 
[error] Error: An unexpected error has occurred.
